{"numTotalTestSuites":2,"numPassedTestSuites":0,"numFailedTestSuites":2,"numPendingTestSuites":0,"numTotalTests":17,"numPassedTests":14,"numFailedTests":3,"numPendingTests":0,"numTodoTests":0,"snapshot":{"added":0,"failure":false,"filesAdded":0,"filesRemoved":0,"filesRemovedList":[],"filesUnmatched":0,"filesUpdated":0,"matched":0,"total":0,"unchecked":0,"uncheckedKeysByFile":[],"unmatched":0,"updated":0,"didUpdate":false},"startTime":1785167946159,"success":false,"testResults":[{"assertionResults":[{"ancestorTitles":["registration slice"],"fullName":"registration slice renders /register form","status":"passed","title":"renders /register form","duration":187.2905999999998,"failureMessages":[],"meta":{},"tags":[]},{"ancestorTitles":["registration slice"],"fullName":"registration slice loads legal documents and renders decision controls","status":"passed","title":"loads legal documents and renders decision controls","duration":60.96900000000005,"failureMessages":[],"meta":{},"tags":[]},{"ancestorTitles":["registration slice"],"fullName":"registration slice handles empty legal documents list","status":"passed","title":"handles empty legal documents list","duration":41.745000000000346,"failureMessages":[],"meta":{},"tags":[]},{"ancestorTitles":["registration slice"],"fullName":"registration slice checks nickname after debounce and shows availability","status":"passed","title":"checks nickname after debounce and shows availability","duration":608.3013000000001,"failureMessages":[],"meta":{},"tags":[]},{"ancestorTitles":["registration slice"],"fullName":"registration slice invalid nickname does not call availability and shows local validation hint","status":"failed","title":"invalid nickname does not call availability and shows local validation hint","duration":1050.3381,"failureMessages":["Error: Unable to find an element with the text: /Nieprawid/i. This could be because the text is broken up by multiple elements. In this case, you can provide a function for your text matcher to make your matcher more flexible.\n\nIgnored nodes: comments, script, style\n\u001b[36m<body>\u001b[39m\n  \u001b[36m<div>\u001b[39m\n    \u001b[36m<main\u001b[39m\n      \u001b[33mclass\u001b[39m=\u001b[32m\"_layout_fa9e22\"\u001b[39m\n    \u001b[36m>\u001b[39m\n      \u001b[36m<section\u001b[39m\n        \u001b[33maria-label\u001b[39m=\u001b[32m\"Branding HAIA\"\u001b[39m\n        \u001b[33mclass\u001b[39m=\u001b[32m\"_branding_fa9e22\"\u001b[39m\n      \u001b[36m>\u001b[39m\n        \u001b[36m<h2\u001b[39m\n          \u001b[33mclass\u001b[39m=\u001b[32m\"_brandWordmark_fa9e22\"\u001b[39m\n        \u001b[36m>\u001b[39m\n          \u001b[0mHAIA\u001b[0m\n        \u001b[36m</h2>\u001b[39m\n        \u001b[36m<p>\u001b[39m\n          \u001b[0mĹšwiat humoru dopasowany do Ciebie. Zaczynamy od bezpiecznego startu konta.\u001b[0m\n        \u001b[36m</p>\u001b[39m\n        \u001b[36m<div\u001b[39m\n          \u001b[33mclass\u001b[39m=\u001b[32m\"_emojiCloud_fa9e22\"\u001b[39m\n        \u001b[36m>\u001b[39m\n          \u001b[36m<span\u001b[39m\n            \u001b[33maria-hidden\u001b[39m=\u001b[32m\"true\"\u001b[39m\n          \u001b[36m>\u001b[39m\n            \u001b[0mđź‚\u001b[0m\n          \u001b[36m</span>\u001b[39m\n          \u001b[36m<span\u001b[39m\n            \u001b[33maria-hidden\u001b[39m=\u001b[32m\"true\"\u001b[39m\n          \u001b[36m>\u001b[39m\n            \u001b[0mđź†\u001b[0m\n          \u001b[36m</span>\u001b[39m\n          \u001b[36m<span\u001b[39m\n            \u001b[33maria-hidden\u001b[39m=\u001b[32m\"true\"\u001b[39m\n          \u001b[36m>\u001b[39m\n            \u001b[0mđźś\u001b[0m\n          \u001b[36m</span>\u001b[39m\n          \u001b[36m<span\u001b[39m\n            \u001b[33maria-hidden\u001b[39m=\u001b[32m\"true\"\u001b[39m\n          \u001b[36m>\u001b[39m\n            \u001b[0mđźŠ\u001b[0m\n          \u001b[36m</span>\u001b[39m\n        \u001b[36m</div>\u001b[39m\n      \u001b[36m</section>\u001b[39m\n      \u001b[36m<section\u001b[39m\n        \u001b[33mclass\u001b[39m=\u001b[32m\"_formPane_fa9e22\"\u001b[39m\n      \u001b[36m>\u001b[39m\n        \u001b[36m<div\u001b[39m\n          \u001b[33mclass\u001b[39m=\u001b[32m\"_formCard_fa9e22\"\u001b[39m\n        \u001b[36m>\u001b[39m\n          \u001b[36m<form\u001b[39m\n            \u001b[33mnovalidate\u001b[39m=\u001b[32m\"\"\u001b[39m\n          \u001b[36m>\u001b[39m\n            \u001b[36m<h1>\u001b[39m\n              \u001b[0mZałóż konto w HAIA\u001b[0m\n            \u001b[36m</h1>\u001b[39m\n            \u001b[36m<p\u001b[39m\n              \u001b[33mclass\u001b[39m=\u001b[32m\"_subtitle_fa9e22\"\u001b[39m\n            \u001b[36m>\u001b[39m\n              \u001b[0mNajpierw zabezpieczymy konto. Potem zaczniemy sprawdzać, co naprawdę Cię bawi.\u001b[0m\n            \u001b[36m</p>\u001b[39m\n            \u001b[36m<div\u001b[39m\n              \u001b[33mstyle\u001b[39m=\u001b[32m\"margin-bottom: 1rem;\"\u001b[39m\n            \u001b[36m>\u001b[39m\n              \u001b[36m<label\u001b[39m\n                \u001b[33mfor\u001b[39m=\u001b[32m\"nickname\"\u001b[39m\n                \u001b[33mstyle\u001b[39m=\u001b[32m\"display: block; margin-bottom: 0.35rem; font-weight: 600;\"\u001b[39m\n              \u001b[36m>\u001b[39m\n                \u001b[0mPseudonim\u001b[0m\n              \u001b[36m</label>\u001b[39m\n              \u001b[36m<input\u001b[39m\n                \u001b[33maria-invalid\u001b[39m=\u001b[32m\"true\"\u001b[39m\n                \u001b[33mid\u001b[39m=\u001b[32m\"nickname\"\u001b[39m\n                \u001b[33mstyle\u001b[39m=\u001b[32m\"width: 100%; height: 2.75rem; border-radius: 12px; border: 1px solid var(--haia-border); padding: 0px 0.75rem;\"\u001b[39m\n                \u001b[33mtype\u001b[39m=\u001b[32m\"text\"\u001b[39m\n                \u001b[33mvalue\u001b[39m=\u001b[32m\"a\"\u001b[39m\n              \u001b[36m/>\u001b[39m\n              \u001b[36m<div\u001b[39m\n                \u001b[33mrole\u001b[39m=\u001b[32m\"alert\"\u001b[39m\n                \u001b[33mstyle\u001b[39m=\u001b[32m\"color: var(--haia-error);\"\u001b[39m\n              \u001b[36m>\u001b[39m\n                \u001b[0mPseudonim musi mieć co najmniej 3 znaki.\u001b[0m\n              \u001b[36m</div>\u001b[39m\n            \u001b[36m</div>\u001b[39m\n            \u001b[36m<div\u001b[39m\n              \u001b[33mstyle\u001b[39m=\u001b[32m\"margin-bottom: 1rem;\"\u001b[39m\n            \u001b[36m>\u001b[39m\n              \u001b[36m<label\u001b[39m\n                \u001b[33mfor\u001b[39m=\u001b[32m\"email\"\u001b[39m\n                \u001b[33mstyle\u001b[39m=\u001b[32m\"display: block; margin-bottom: 0.35rem; font-weight: 600;\"\u001b[39m\n              \u001b[36m>\u001b[39m\n                \u001b[0mAdres e-mail\u001b[0m\n              \u001b[36m</label>\u001b[39m\n              \u001b[36m<div>\u001b[39m\n                \u001b[36m<input\u001b[39m\n                  \u001b[33maria-invalid\u001b[39m=\u001b[32m\"false\"\u001b[39m\n                  \u001b[33mautocomplete\u001b[39m=\u001b[32m\"email\"\u001b[39m\n                  \u001b[33mclass\u001b[39m=\u001b[32m\"_input_fa9e22\"\u001b[39m\n                  \u001b[33mid\u001b[39m=\u001b[32m\"email\"\u001b[39m\n                  \u001b[33mname\u001b[39m=\u001b[32m\"email\"\u001b[39m\n                  \u001b[33mtype\u001b[39m=\u001b[32m\"email\"\u001b[39m\n                \u001b[36m/>\u001b[39m\n              \u001b[36m</div>\u001b[39m\n            \u001b[36m</div>\u001b[39m\n            \u001b[36m<div\u001b[39m\n              \u001b[33mstyle\u001b[39m=\u001b[32m\"margin-bottom: 1rem;\"\u001b[39m\n            \u001b[36m>\u001b[39m\n              \u001b[36m<label\u001b[39m\n                \u001b[33mfor\u001b[39m=\u001b[32m\"_r_4_\"\u001b[39m\n                \u001b[33mstyle\u001b[39m=\u001b[32m\"display: block; margin-bottom: 0.35rem; font-weight: 600;\"\u001b[39m\n              \u001b[36m>\u001b[39m\n                \u001b[0mHasło\u001b[0m\n              \u001b[36m</label>\u001b[39m\n              \u001b[36m<div\u001b[39m\n                \u001b[33maria-describedby\u001b[39m=\u001b[32m\"_r_4_-help\"\u001b[39m\n              \u001b[36m>\u001b[39m\n                \u001b[36m<div\u001b[39m\n                  \u001b[33mstyle\u001b[39m=\u001b[32m\"display: flex; gap: 0.5rem;\"\u001b[39m\n                \u001b[36m>\u001b[39m\n                  \u001b[36m<input\u001b[39m\n                    \u001b[33maria-invalid\u001b[39m=\u001b[32m\"false\"\u001b[39m\n                    \u001b[33mautocomplete\u001b[39m=\u001b[32m\"new-password\"\u001b[39m\n                    \u001b[33mid\u001b[39m=\u001b[32m\"_r_4_\"\u001b[39m\n                    \u001b[33mstyle\u001b[39m=\u001b[32m\"width: 100%; height: 2.75rem; border-radius: 12px; border: 1px solid var(--haia-border); padding: 0px 0.75rem;\"\u001b[39m\n                    \u001b[33mtype\u001b[39m=\u001b[32m\"password\"\u001b[39m\n                    \u001b[33mvalue\u001b[39m=\u001b[32m\"\"\u001b[39m\n                  \u001b[36m/>\u001b[39m\n                  \u001b[36m<button\u001b[39m\n                    \u001b[33mtype\u001b[39m=\u001b[32m\"button\"\u001b[39m\n                  \u001b[36m>\u001b[39m\n                    \u001b[0mPokaż hasło\u001b[0m\n                  \u001b[36m</button>\u001b[39m\n                \u001b[36m</div>\u001b[39m\n              \u001b[36m</div>\u001b[39m\n              \u001b[36m<small\u001b[39m\n                \u001b[33mid\u001b[39m=\u001b[32m\"_r_4_-help\"\u001b[39m\n                \u001b[33mstyle\u001b[39m=\u001b[32m\"color: var(--haia-muted);\"\u001b[39m\n              \u001b[36m>\u001b[39m\n                \u001b[0mMinimum 12 znaków. Bez obowiązkowej cyfry, runy nordyckiej i hieroglifu.\u001b[0m\n              \u001b[36m</small>\u001b[39m\n            \u001b[36m</div>\u001b[39m\n            \u001b[36m<section\u001b[39m\n              \u001b[33mclass\u001b[39m=\u001b[32m\"_legalBox_fa9e22 \"\u001b[39m\n            \u001b[36m>\u001b[39m\n              \u001b[36m<h3>\u001b[39m\n                \u001b[0mDokumenty prawne\u001b[0m\n              \u001b[36m</h3>\u001b[39m\n              \u001b[36m<label\u001b[39m\n                \u001b[33mclass\u001b[39m=\u001b[32m\"_legalItem_fa9e22\"\u001b[39m\n              \u001b[36m>\u001b[39m\n                \u001b[36m<input\u001b[39m\n                  \u001b[33mtype\u001b[39m=\u001b[32m\"checkbox\"\u001b[39m\n                \u001b[36m/>\u001b[39m\n                \u001b[0m \u001b[0m\n                \u001b[0mterms\u001b[0m\n                \u001b[0m â€” wersja \u001b[0m\n                \u001b[0m1.0\u001b[0m\n              \u001b[36m</label>\u001b[39m\n            \u001b[36m</section>\u001b[39m\n            \u001b[36m<div\u001b[39m\n              \u001b[33mclass\u001b[39m=\u001b[32m\"_actions_fa9e22\"\u001b[39m\n            \u001b[36m>\u001b[39m\n              \u001b[36m<button\u001b[39m\n                \u001b[33mstyle\u001b[39m=\u001b[32m\"padding: 0.7rem 1rem; border-radius: 12px; border: medium; background: var(--haia-gradient); color: rgb(255, 255, 255); font-weight: 600; cursor: pointer;\"\u001b[39m\n                \u001b[33mtype\u001b[39m=\u001b[32m\"submit\"\u001b[39m\n              \u001b[36m>\u001b[39m\n                \u001b[0mZałóż konto i zacznij kalibrację\u001b[0m\n              \u001b[36m</button>\u001b[39m\n              \u001b[36m<small\u001b[39m\n                \u001b[33mclass\u001b[39m=\u001b[32m\"_secondaryText_fa9e22\"\u001b[39m\n              \u001b[36m>\u001b[39m\n                \u001b[0mNie zapisujemy hasła poza pamięcią bieżącej sesji formularza.\u001b[0m\n              \u001b[36m</small>\u001b[39m\n            \u001b[36m</div>\u001b[39m\n          \u001b[36m</form>\u001b[39m\n        \u001b[36m</div>\u001b[39m\n      \u001b[36m</section>\u001b[39m\n    \u001b[36m</main>\u001b[39m\n  \u001b[36m</div>\u001b[39m\n\u001b[36m</body>\u001b[39m\n    at waitForWrapper (F:\\software\\haia\\haia_repo\\TociHaia\\Toci.Haia.Web\\node_modules\\@testing-library\\dom\\dist\\wait-for.js:163:27)\n    at F:\\software\\haia\\haia_repo\\TociHaia\\Toci.Haia.Web\\node_modules\\@testing-library\\dom\\dist\\query-helpers.js:86:33\n    at F:/software/haia/haia_repo/TociHaia/Toci.Haia.Web/src/test/registration-flow.test.tsx:70:23\n    at file:///F:/software/haia/haia_repo/TociHaia/Toci.Haia.Web/node_modules/@vitest/runner/dist/chunk-artifact.js:1903:20"],"meta":{},"tags":[]},{"ancestorTitles":["registration slice"],"fullName":"registration slice shows taken nickname state","status":"passed","title":"shows taken nickname state","duration":601.6468999999997,"failureMessages":[],"meta":{},"tags":[]},{"ancestorTitles":["registration slice"],"fullName":"registration slice submits valid registration and navigates to check-email after 202","status":"passed","title":"submits valid registration and navigates to check-email after 202","duration":396.15830000000005,"failureMessages":[],"meta":{},"tags":[]},{"ancestorTitles":["registration slice"],"fullName":"registration slice does not place password in URL or storage","status":"failed","title":"does not place password in URL or storage","duration":78.55149999999958,"failureMessages":["TypeError: window.localStorage.getItem is not a function\n    at F:/software/haia/haia_repo/TociHaia/Toci.Haia.Web/src/test/registration-flow.test.tsx:95:30\n    at file:///F:/software/haia/haia_repo/TociHaia/Toci.Haia.Web/node_modules/@vitest/runner/dist/chunk-artifact.js:1903:20"],"meta":{},"tags":[]},{"ancestorTitles":["registration slice"],"fullName":"registration slice duplicate email 202 behaves neutral and identical","status":"passed","title":"duplicate email 202 behaves neutral and identical","duration":231.1149000000005,"failureMessages":[],"meta":{},"tags":[]},{"ancestorTitles":["registration slice"],"fullName":"registration slice maps nickname_unavailable under nickname field","status":"failed","title":"maps nickname_unavailable under nickname field","duration":1238.9957000000004,"failureMessages":["Error: Unable to find an element with the text: /pseudonim jest ju/i. This could be because the text is broken up by multiple elements. In this case, you can provide a function for your text matcher to make your matcher more flexible.\n\nIgnored nodes: comments, script, style\n\u001b[36m<body>\u001b[39m\n  \u001b[36m<div>\u001b[39m\n    \u001b[36m<main\u001b[39m\n      \u001b[33mclass\u001b[39m=\u001b[32m\"_layout_fa9e22\"\u001b[39m\n    \u001b[36m>\u001b[39m\n      \u001b[36m<section\u001b[39m\n        \u001b[33maria-label\u001b[39m=\u001b[32m\"Branding HAIA\"\u001b[39m\n        \u001b[33mclass\u001b[39m=\u001b[32m\"_branding_fa9e22\"\u001b[39m\n      \u001b[36m>\u001b[39m\n        \u001b[36m<h2\u001b[39m\n          \u001b[33mclass\u001b[39m=\u001b[32m\"_brandWordmark_fa9e22\"\u001b[39m\n        \u001b[36m>\u001b[39m\n          \u001b[0mHAIA\u001b[0m\n        \u001b[36m</h2>\u001b[39m\n        \u001b[36m<p>\u001b[39m\n          \u001b[0mĹšwiat humoru dopasowany do Ciebie. Zaczynamy od bezpiecznego startu konta.\u001b[0m\n        \u001b[36m</p>\u001b[39m\n        \u001b[36m<div\u001b[39m\n          \u001b[33mclass\u001b[39m=\u001b[32m\"_emojiCloud_fa9e22\"\u001b[39m\n        \u001b[36m>\u001b[39m\n          \u001b[36m<span\u001b[39m\n            \u001b[33maria-hidden\u001b[39m=\u001b[32m\"true\"\u001b[39m\n          \u001b[36m>\u001b[39m\n            \u001b[0mđź‚\u001b[0m\n          \u001b[36m</span>\u001b[39m\n          \u001b[36m<span\u001b[39m\n            \u001b[33maria-hidden\u001b[39m=\u001b[32m\"true\"\u001b[39m\n          \u001b[36m>\u001b[39m\n            \u001b[0mđź†\u001b[0m\n          \u001b[36m</span>\u001b[39m\n          \u001b[36m<span\u001b[39m\n            \u001b[33maria-hidden\u001b[39m=\u001b[32m\"true\"\u001b[39m\n          \u001b[36m>\u001b[39m\n            \u001b[0mđźś\u001b[0m\n          \u001b[36m</span>\u001b[39m\n          \u001b[36m<span\u001b[39m\n            \u001b[33maria-hidden\u001b[39m=\u001b[32m\"true\"\u001b[39m\n          \u001b[36m>\u001b[39m\n            \u001b[0mđźŠ\u001b[0m\n          \u001b[36m</span>\u001b[39m\n        \u001b[36m</div>\u001b[39m\n      \u001b[36m</section>\u001b[39m\n      \u001b[36m<section\u001b[39m\n        \u001b[33mclass\u001b[39m=\u001b[32m\"_formPane_fa9e22\"\u001b[39m\n      \u001b[36m>\u001b[39m\n        \u001b[36m<div\u001b[39m\n          \u001b[33mclass\u001b[39m=\u001b[32m\"_formCard_fa9e22\"\u001b[39m\n        \u001b[36m>\u001b[39m\n          \u001b[36m<form\u001b[39m\n            \u001b[33mnovalidate\u001b[39m=\u001b[32m\"\"\u001b[39m\n          \u001b[36m>\u001b[39m\n            \u001b[36m<h1>\u001b[39m\n              \u001b[0mZałóż konto w HAIA\u001b[0m\n            \u001b[36m</h1>\u001b[39m\n            \u001b[36m<p\u001b[39m\n              \u001b[33mclass\u001b[39m=\u001b[32m\"_subtitle_fa9e22\"\u001b[39m\n            \u001b[36m>\u001b[39m\n              \u001b[0mNajpierw zabezpieczymy konto. Potem zaczniemy sprawdzać, co naprawdę Cię bawi.\u001b[0m\n            \u001b[36m</p>\u001b[39m\n            \u001b[36m<div\u001b[39m\n              \u001b[33mstyle\u001b[39m=\u001b[32m\"margin-bottom: 1rem;\"\u001b[39m\n            \u001b[36m>\u001b[39m\n              \u001b[36m<label\u001b[39m\n                \u001b[33mfor\u001b[39m=\u001b[32m\"nickname\"\u001b[39m\n                \u001b[33mstyle\u001b[39m=\u001b[32m\"display: block; margin-bottom: 0.35rem; font-weight: 600;\"\u001b[39m\n              \u001b[36m>\u001b[39m\n                \u001b[0mPseudonim\u001b[0m\n              \u001b[36m</label>\u001b[39m\n              \u001b[36m<input\u001b[39m\n                \u001b[33maria-invalid\u001b[39m=\u001b[32m\"false\"\u001b[39m\n                \u001b[33mid\u001b[39m=\u001b[32m\"nickname\"\u001b[39m\n                \u001b[33mstyle\u001b[39m=\u001b[32m\"width: 100%; height: 2.75rem; border-radius: 12px; border: 1px solid var(--haia-border); padding: 0px 0.75rem;\"\u001b[39m\n                \u001b[33mtype\u001b[39m=\u001b[32m\"text\"\u001b[39m\n                \u001b[33mvalue\u001b[39m=\u001b[32m\"tester\"\u001b[39m\n              \u001b[36m/>\u001b[39m\n              \u001b[36m<div\u001b[39m\n                \u001b[33maria-live\u001b[39m=\u001b[32m\"polite\"\u001b[39m\n                \u001b[33mstyle\u001b[39m=\u001b[32m\"color: var(--haia-success);\"\u001b[39m\n              \u001b[36m>\u001b[39m\n                \u001b[0mPseudonim jest dostÄ™pny\u001b[0m\n              \u001b[36m</div>\u001b[39m\n            \u001b[36m</div>\u001b[39m\n            \u001b[36m<div\u001b[39m\n              \u001b[33mstyle\u001b[39m=\u001b[32m\"margin-bottom: 1rem;\"\u001b[39m\n            \u001b[36m>\u001b[39m\n              \u001b[36m<label\u001b[39m\n                \u001b[33mfor\u001b[39m=\u001b[32m\"email\"\u001b[39m\n                \u001b[33mstyle\u001b[39m=\u001b[32m\"display: block; margin-bottom: 0.35rem; font-weight: 600;\"\u001b[39m\n              \u001b[36m>\u001b[39m\n                \u001b[0mAdres e-mail\u001b[0m\n              \u001b[36m</label>\u001b[39m\n              \u001b[36m<div>\u001b[39m\n                \u001b[36m<input\u001b[39m\n                  \u001b[33maria-invalid\u001b[39m=\u001b[32m\"false\"\u001b[39m\n                  \u001b[33mautocomplete\u001b[39m=\u001b[32m\"email\"\u001b[39m\n                  \u001b[33mclass\u001b[39m=\u001b[32m\"_input_fa9e22\"\u001b[39m\n                  \u001b[33mid\u001b[39m=\u001b[32m\"email\"\u001b[39m\n                  \u001b[33mname\u001b[39m=\u001b[32m\"email\"\u001b[39m\n                  \u001b[33mtype\u001b[39m=\u001b[32m\"email\"\u001b[39m\n                \u001b[36m/>\u001b[39m\n              \u001b[36m</div>\u001b[39m\n            \u001b[36m</div>\u001b[39m\n            \u001b[36m<div\u001b[39m\n              \u001b[33mstyle\u001b[39m=\u001b[32m\"margin-bottom: 1rem;\"\u001b[39m\n            \u001b[36m>\u001b[39m\n              \u001b[36m<label\u001b[39m\n                \u001b[33mfor\u001b[39m=\u001b[32m\"_r_9_\"\u001b[39m\n                \u001b[33mstyle\u001b[39m=\u001b[32m\"display: block; margin-bottom: 0.35rem; font-weight: 600;\"\u001b[39m\n              \u001b[36m>\u001b[39m\n                \u001b[0mHasło\u001b[0m\n              \u001b[36m</label>\u001b[39m\n              \u001b[36m<div\u001b[39m\n                \u001b[33maria-describedby\u001b[39m=\u001b[32m\"_r_9_-help\"\u001b[39m\n              \u001b[36m>\u001b[39m\n                \u001b[36m<div\u001b[39m\n                  \u001b[33mstyle\u001b[39m=\u001b[32m\"display: flex; gap: 0.5rem;\"\u001b[39m\n                \u001b[36m>\u001b[39m\n                  \u001b[36m<input\u001b[39m\n                    \u001b[33maria-invalid\u001b[39m=\u001b[32m\"false\"\u001b[39m\n                    \u001b[33mautocomplete\u001b[39m=\u001b[32m\"new-password\"\u001b[39m\n                    \u001b[33mid\u001b[39m=\u001b[32m\"_r_9_\"\u001b[39m\n                    \u001b[33mstyle\u001b[39m=\u001b[32m\"width: 100%; height: 2.75rem; border-radius: 12px; border: 1px solid var(--haia-border); padding: 0px 0.75rem;\"\u001b[39m\n                    \u001b[33mtype\u001b[39m=\u001b[32m\"password\"\u001b[39m\n                    \u001b[33mvalue\u001b[39m=\u001b[32m\"SuperSecure123!\"\u001b[39m\n                  \u001b[36m/>\u001b[39m\n                  \u001b[36m<button\u001b[39m\n                    \u001b[33mtype\u001b[39m=\u001b[32m\"button\"\u001b[39m\n                  \u001b[36m>\u001b[39m\n                    \u001b[0mPokaż hasło\u001b[0m\n                  \u001b[36m</button>\u001b[39m\n                \u001b[36m</div>\u001b[39m\n              \u001b[36m</div>\u001b[39m\n              \u001b[36m<small\u001b[39m\n                \u001b[33mid\u001b[39m=\u001b[32m\"_r_9_-help\"\u001b[39m\n                \u001b[33mstyle\u001b[39m=\u001b[32m\"color: var(--haia-muted);\"\u001b[39m\n              \u001b[36m>\u001b[39m\n                \u001b[0mMinimum 12 znaków. Bez obowiązkowej cyfry, runy nordyckiej i hieroglifu.\u001b[0m\n              \u001b[36m</small>\u001b[39m\n            \u001b[36m</div>\u001b[39m\n            \u001b[36m<section\u001b[39m\n              \u001b[33mclass\u001b[39m=\u001b[32m\"_legalBox_fa9e22 \"\u001b[39m\n            \u001b[36m>\u001b[39m\n              \u001b[36m<h3>\u001b[39m\n                \u001b[0mDokumenty prawne\u001b[0m\n              \u001b[36m</h3>\u001b[39m\n              \u001b[36m<label\u001b[39m\n                \u001b[33mclass\u001b[39m=\u001b[32m\"_legalItem_fa9e22\"\u001b[39m\n              \u001b[36m>\u001b[39m\n                \u001b[36m<input\u001b[39m\n                  \u001b[33mtype\u001b[39m=\u001b[32m\"checkbox\"\u001b[39m\n                \u001b[36m/>\u001b[39m\n                \u001b[0m \u001b[0m\n                \u001b[0mterms\u001b[0m\n                \u001b[0m â€” wersja \u001b[0m\n                \u001b[0m1.0\u001b[0m\n              \u001b[36m</label>\u001b[39m\n            \u001b[36m</section>\u001b[39m\n            \u001b[36m<div\u001b[39m\n              \u001b[33mclass\u001b[39m=\u001b[32m\"_actions_fa9e22\"\u001b[39m\n            \u001b[36m>\u001b[39m\n              \u001b[36m<button\u001b[39m\n                \u001b[33mstyle\u001b[39m=\u001b[32m\"padding: 0.7rem 1rem; border-radius: 12px; border: medium; background: var(--haia-gradient); color: rgb(255, 255, 255); font-weight: 600; cursor: pointer;\"\u001b[39m\n                \u001b[33mtype\u001b[39m=\u001b[32m\"submit\"\u001b[39m\n              \u001b[36m>\u001b[39m\n                \u001b[0mZałóż konto i zacznij kalibrację\u001b[0m\n              \u001b[36m</button>\u001b[39m\n              \u001b[36m<small\u001b[39m\n                \u001b[33mclass\u001b[39m=\u001b[32m\"_secondaryText_fa9e22\"\u001b[39m\n              \u001b[36m>\u001b[39m\n                \u001b[0mNie zapisujemy hasła poza pamięcią bieżącej sesji formularza.\u001b[0m\n              \u001b[36m</small>\u001b[39m\n            \u001b[36m</div>\u001b[39m\n          \u001b[36m</form>\u001b[39m\n        \u001b[36m</div>\u001b[39m\n      \u001b[36m</section>\u001b[39m\n    \u001b[36m</main>\u001b[39m\n  \u001b[36m</div>\u001b[39m\n\u001b[36m</body>\u001b[39m\n    at waitForWrapper (F:\\software\\haia\\haia_repo\\TociHaia\\Toci.Haia.Web\\node_modules\\@testing-library\\dom\\dist\\wait-for.js:163:27)\n    at F:\\software\\haia\\haia_repo\\TociHaia\\Toci.Haia.Web\\node_modules\\@testing-library\\dom\\dist\\query-helpers.js:86:33\n    at F:/software/haia/haia_repo/TociHaia/Toci.Haia.Web/src/test/registration-flow.test.tsx:123:23\n    at file:///F:/software/haia/haia_repo/TociHaia/Toci.Haia.Web/node_modules/@vitest/runner/dist/chunk-artifact.js:1903:20"],"meta":{},"tags":[]},{"ancestorTitles":["registration slice"],"fullName":"registration slice legal_decisions_incomplete highlights legal section","status":"passed","title":"legal_decisions_incomplete highlights legal section","duration":283.9421000000002,"failureMessages":[],"meta":{},"tags":[]},{"ancestorTitles":["registration slice"],"fullName":"registration slice legal_documents_changed refreshes list and clears previous decisions","status":"passed","title":"legal_documents_changed refreshes list and clears previous decisions","duration":244.70349999999962,"failureMessages":[],"meta":{},"tags":[]},{"ancestorTitles":["registration slice"],"fullName":"registration slice check-email resend always shows neutral success after 202","status":"passed","title":"check-email resend always shows neutral success after 202","duration":76.43269999999939,"failureMessages":[],"meta":{},"tags":[]},{"ancestorTitles":["registration slice"],"fullName":"registration slice verify does not trigger POST automatically on page load","status":"passed","title":"verify does not trigger POST automatically on page load","duration":9.85530000000108,"failureMessages":[],"meta":{},"tags":[]},{"ancestorTitles":["registration slice"],"fullName":"registration slice verify triggers POST after click and shows success state","status":"passed","title":"verify triggers POST after click and shows success state","duration":24.855100000000675,"failureMessages":[],"meta":{},"tags":[]},{"ancestorTitles":["registration slice"],"fullName":"registration slice expired token shows safe invalid message","status":"passed","title":"expired token shows safe invalid message","duration":19.569800000001123,"failureMessages":[],"meta":{},"tags":[]},{"ancestorTitles":["registration slice"],"fullName":"registration slice does not render raw ProblemDetails JSON","status":"passed","title":"does not render raw ProblemDetails JSON","duration":250.01820000000043,"failureMessages":[],"meta":{},"tags":[]}],"startTime":1785167949397,"endTime":1785167954803.0183,"status":"failed","message":"","name":"F:/software/haia/haia_repo/TociHaia/Toci.Haia.Web/src/test/registration-flow.test.tsx"}]}